D:\Microservices\SynBlogUI\SynBlogUI\Client\AngularUI\dist\out-tsc\src\app\models\bloguser.js
D:\Microservices\SynBlogUI\SynBlogUI\Client\AngularUI\dist\out-tsc\src\app\models\bloguser.js.map
D:\Microservices\SynBlogUI\SynBlogUI\Client\AngularUI\dist\out-tsc\src\app\models\loginuser.js
D:\Microservices\SynBlogUI\SynBlogUI\Client\AngularUI\dist\out-tsc\src\app\models\loginuser.js.map
D:\Microservices\SynBlogUI\SynBlogUI\Client\AngularUI\dist\out-tsc\src\app\models\configuration.js
D:\Microservices\SynBlogUI\SynBlogUI\Client\AngularUI\dist\out-tsc\src\app\models\configuration.js.map
D:\Microservices\SynBlogUI\SynBlogUI\Client\AngularUI\dist\out-tsc\src\app\services\config.service.js
D:\Microservices\SynBlogUI\SynBlogUI\Client\AngularUI\dist\out-tsc\src\app\services\config.service.js.map
D:\Microservices\SynBlogUI\SynBlogUI\Client\AngularUI\dist\out-tsc\src\app\services\user.service.js
D:\Microservices\SynBlogUI\SynBlogUI\Client\AngularUI\dist\out-tsc\src\app\services\user.service.js.map
D:\Microservices\SynBlogUI\SynBlogUI\Client\AngularUI\dist\out-tsc\src\app\components\register\register.component.js
D:\Microservices\SynBlogUI\SynBlogUI\Client\AngularUI\dist\out-tsc\src\app\components\register\register.component.js.map
D:\Microservices\SynBlogUI\SynBlogUI\Client\AngularUI\dist\out-tsc\src\app\components\login\login.component.js
D:\Microservices\SynBlogUI\SynBlogUI\Client\AngularUI\dist\out-tsc\src\app\components\login\login.component.js.map
D:\Microservices\SynBlogUI\SynBlogUI\Client\AngularUI\dist\out-tsc\src\app\models\blog.js
D:\Microservices\SynBlogUI\SynBlogUI\Client\AngularUI\dist\out-tsc\src\app\models\blog.js.map
D:\Microservices\SynBlogUI\SynBlogUI\Client\AngularUI\dist\out-tsc\src\app\services\blog.service.js
D:\Microservices\SynBlogUI\SynBlogUI\Client\AngularUI\dist\out-tsc\src\app\services\blog.service.js.map
D:\Microservices\SynBlogUI\SynBlogUI\Client\AngularUI\dist\out-tsc\src\app\components\home\home.component.js
D:\Microservices\SynBlogUI\SynBlogUI\Client\AngularUI\dist\out-tsc\src\app\components\home\home.component.js.map
D:\Microservices\SynBlogUI\SynBlogUI\Client\AngularUI\dist\out-tsc\src\app\components\not-found\not-found.component.js
D:\Microservices\SynBlogUI\SynBlogUI\Client\AngularUI\dist\out-tsc\src\app\components\not-found\not-found.component.js.map
D:\Microservices\SynBlogUI\SynBlogUI\Client\AngularUI\dist\out-tsc\src\app\components\add-blog\add-blog.component.js
D:\Microservices\SynBlogUI\SynBlogUI\Client\AngularUI\dist\out-tsc\src\app\components\add-blog\add-blog.component.js.map
D:\Microservices\SynBlogUI\SynBlogUI\Client\AngularUI\dist\out-tsc\src\app\guards\auth.guard.js
D:\Microservices\SynBlogUI\SynBlogUI\Client\AngularUI\dist\out-tsc\src\app\guards\auth.guard.js.map
D:\Microservices\SynBlogUI\SynBlogUI\Client\AngularUI\dist\out-tsc\src\app\components\blog\blog.component.js
D:\Microservices\SynBlogUI\SynBlogUI\Client\AngularUI\dist\out-tsc\src\app\components\blog\blog.component.js.map
D:\Microservices\SynBlogUI\SynBlogUI\Client\AngularUI\dist\out-tsc\src\app\app-routing.module.js
D:\Microservices\SynBlogUI\SynBlogUI\Client\AngularUI\dist\out-tsc\src\app\app-routing.module.js.map
D:\Microservices\SynBlogUI\SynBlogUI\Client\AngularUI\dist\out-tsc\src\app\app.component.js
D:\Microservices\SynBlogUI\SynBlogUI\Client\AngularUI\dist\out-tsc\src\app\app.component.js.map
D:\Microservices\SynBlogUI\SynBlogUI\Client\AngularUI\dist\out-tsc\src\app\pipes\safe-html.pipe.js
D:\Microservices\SynBlogUI\SynBlogUI\Client\AngularUI\dist\out-tsc\src\app\pipes\safe-html.pipe.js.map
D:\Microservices\SynBlogUI\SynBlogUI\Client\AngularUI\dist\out-tsc\src\app\app.module.js
D:\Microservices\SynBlogUI\SynBlogUI\Client\AngularUI\dist\out-tsc\src\app\app.module.js.map
D:\Microservices\SynBlogUI\SynBlogUI\Client\AngularUI\dist\out-tsc\src\environments\environment.js
D:\Microservices\SynBlogUI\SynBlogUI\Client\AngularUI\dist\out-tsc\src\environments\environment.js.map
D:\Microservices\SynBlogUI\SynBlogUI\Client\AngularUI\dist\out-tsc\src\main.js
D:\Microservices\SynBlogUI\SynBlogUI\Client\AngularUI\dist\out-tsc\src\main.js.map
D:\Microservices\SynBlogUI\SynBlogUI\Client\AngularUI\dist\out-tsc\src\polyfills.js
D:\Microservices\SynBlogUI\SynBlogUI\Client\AngularUI\dist\out-tsc\src\polyfills.js.map
D:\Microservices\SynBlogUI\SynBlogUI\Client\AngularUI\dist\out-tsc\src\test.js
D:\Microservices\SynBlogUI\SynBlogUI\Client\AngularUI\dist\out-tsc\src\test.js.map
D:\Microservices\SynBlogUI\SynBlogUI\Client\AngularUI\dist\out-tsc\e2e\src\app.po.js
D:\Microservices\SynBlogUI\SynBlogUI\Client\AngularUI\dist\out-tsc\e2e\src\app.po.js.map
D:\Microservices\SynBlogUI\SynBlogUI\Client\AngularUI\dist\out-tsc\e2e\src\app.e2e-spec.js
D:\Microservices\SynBlogUI\SynBlogUI\Client\AngularUI\dist\out-tsc\e2e\src\app.e2e-spec.js.map
D:\Microservices\SynBlogUI\SynBlogUI\Client\AngularUI\dist\out-tsc\src\app\app.component.spec.js
D:\Microservices\SynBlogUI\SynBlogUI\Client\AngularUI\dist\out-tsc\src\app\app.component.spec.js.map
D:\Microservices\SynBlogUI\SynBlogUI\Client\AngularUI\dist\out-tsc\src\environments\environment.prod.js
D:\Microservices\SynBlogUI\SynBlogUI\Client\AngularUI\dist\out-tsc\src\environments\environment.prod.js.map
D:\Microservices\SynBlogUI\SynBlogUI\Client\AngularUI\dist\out-tsc\src\app\guards\auth.guard.spec.js
D:\Microservices\SynBlogUI\SynBlogUI\Client\AngularUI\dist\out-tsc\src\app\guards\auth.guard.spec.js.map
D:\Microservices\SynBlogUI\SynBlogUI\Client\AngularUI\dist\out-tsc\src\app\pipes\safe-html.pipe.spec.js
D:\Microservices\SynBlogUI\SynBlogUI\Client\AngularUI\dist\out-tsc\src\app\pipes\safe-html.pipe.spec.js.map
D:\Microservices\SynBlogUI\SynBlogUI\Client\AngularUI\dist\out-tsc\src\app\services\blog.service.spec.js
D:\Microservices\SynBlogUI\SynBlogUI\Client\AngularUI\dist\out-tsc\src\app\services\blog.service.spec.js.map
D:\Microservices\SynBlogUI\SynBlogUI\Client\AngularUI\dist\out-tsc\src\app\services\config.service.spec.js
D:\Microservices\SynBlogUI\SynBlogUI\Client\AngularUI\dist\out-tsc\src\app\services\config.service.spec.js.map
D:\Microservices\SynBlogUI\SynBlogUI\Client\AngularUI\dist\out-tsc\src\app\services\user.service.spec.js
D:\Microservices\SynBlogUI\SynBlogUI\Client\AngularUI\dist\out-tsc\src\app\services\user.service.spec.js.map
D:\Microservices\SynBlogUI\SynBlogUI\Client\AngularUI\dist\out-tsc\src\app\components\add-blog\add-blog.component.spec.js
D:\Microservices\SynBlogUI\SynBlogUI\Client\AngularUI\dist\out-tsc\src\app\components\add-blog\add-blog.component.spec.js.map
D:\Microservices\SynBlogUI\SynBlogUI\Client\AngularUI\dist\out-tsc\src\app\components\blog\blog.component.spec.js
D:\Microservices\SynBlogUI\SynBlogUI\Client\AngularUI\dist\out-tsc\src\app\components\blog\blog.component.spec.js.map
D:\Microservices\SynBlogUI\SynBlogUI\Client\AngularUI\dist\out-tsc\src\app\components\home\home.component.spec.js
D:\Microservices\SynBlogUI\SynBlogUI\Client\AngularUI\dist\out-tsc\src\app\components\home\home.component.spec.js.map
D:\Microservices\SynBlogUI\SynBlogUI\Client\AngularUI\dist\out-tsc\src\app\components\login\login.component.spec.js
D:\Microservices\SynBlogUI\SynBlogUI\Client\AngularUI\dist\out-tsc\src\app\components\login\login.component.spec.js.map
D:\Microservices\SynBlogUI\SynBlogUI\Client\AngularUI\dist\out-tsc\src\app\components\not-found\not-found.component.spec.js
D:\Microservices\SynBlogUI\SynBlogUI\Client\AngularUI\dist\out-tsc\src\app\components\not-found\not-found.component.spec.js.map
D:\Microservices\SynBlogUI\SynBlogUI\Client\AngularUI\dist\out-tsc\src\app\components\register\register.component.spec.js
D:\Microservices\SynBlogUI\SynBlogUI\Client\AngularUI\dist\out-tsc\src\app\components\register\register.component.spec.js.map
